<?xml version="1.0" encoding="UTF-8"?>
<testng-results skipped="0" failed="0" total="1" passed="1">
  <reporter-output>
    <line>
      <![CDATA[<div "featureFile">Feature File: HomePage.feature</div>]]>
    </line>
    <line>
      <![CDATA[<div "feature">Feature: Avactis.com login feature</div>]]>
    </line>
    <line>
      <![CDATA[<div "scenarioOutline">Scenario Outline: User enters positive and negative crediantials to verify application login funtionality</div>]]>
    </line>
    <line>
      <![CDATA[<div "scenario">Scenario Outline: User enters positive and negative crediantials to verify application login funtionality</div>]]>
    </line>
    <line>
      <![CDATA[<div "result">Given  User on avactis food website (passed : 13s)</div>]]>
    </line>
    <line>
      <![CDATA[<div "result">When  User clicks on login link on home page (passed : 2s)</div>]]>
    </line>
    <line>
      <![CDATA[<div "result">Then  User lands on login page (passed : 0s)</div>]]>
    </line>
    <line>
      <![CDATA[<div "result">And  User populates email field &lt;email&gt; and  password field &lt;password&gt; field and presses login button (passed : 5s)</div>]]>
    </line>
    <line>
      <![CDATA[<div "scenario">Scenario Outline: User enters positive and negative crediantials to verify application login funtionality</div>]]>
    </line>
    <line>
      <![CDATA[<div "result">Given  User on avactis food website (passed : 10s)</div>]]>
    </line>
    <line>
      <![CDATA[<div "result">When  User clicks on login link on home page (passed : 2s)</div>]]>
    </line>
    <line>
      <![CDATA[<div "result">Then  User lands on login page (passed : 0s)</div>]]>
    </line>
    <line>
      <![CDATA[<div "result">And  User populates email field &quot;Seleniumhq1@gmail.com&quot; and  password field &quot;Seleniumhq1@gmail.com&quot; field and presses login button (passed : 3s)</div>]]>
    </line>
  </reporter-output>
  <suite name="Suite" duration-ms="39294" started-at="2017-05-21T02:41:37Z" finished-at="2017-05-21T02:42:16Z">
    <groups>
      <group name="cucumber">
        <method signature="AbstractTestNGCucumberTests.run_cukes()[pri:0, instance:testRunner.CukesRunnerTest@402f32ff]" name="run_cukes" class="cucumber.api.testng.AbstractTestNGCucumberTests"/>
      </group> <!-- cucumber -->
    </groups>
    <test name="Test" duration-ms="39294" started-at="2017-05-21T02:41:37Z" finished-at="2017-05-21T02:42:16Z">
      <class name="testRunner.CukesRunnerTest">
        <test-method status="PASS" signature="run_cukes()[pri:0, instance:testRunner.CukesRunnerTest@402f32ff]" name="run_cukes" duration-ms="39268" started-at="2017-05-20T22:41:37Z" description="Runs Cucumber Features" finished-at="2017-05-20T22:42:16Z">
          <reporter-output>
            <line>
              <![CDATA[<div "featureFile">Feature File: HomePage.feature</div>]]>
            </line>
            <line>
              <![CDATA[<div "feature">Feature: Avactis.com login feature</div>]]>
            </line>
            <line>
              <![CDATA[<div "scenarioOutline">Scenario Outline: User enters positive and negative crediantials to verify application login funtionality</div>]]>
            </line>
            <line>
              <![CDATA[<div "scenario">Scenario Outline: User enters positive and negative crediantials to verify application login funtionality</div>]]>
            </line>
            <line>
              <![CDATA[<div "result">Given  User on avactis food website (passed : 13s)</div>]]>
            </line>
            <line>
              <![CDATA[<div "result">When  User clicks on login link on home page (passed : 2s)</div>]]>
            </line>
            <line>
              <![CDATA[<div "result">Then  User lands on login page (passed : 0s)</div>]]>
            </line>
            <line>
              <![CDATA[<div "result">And  User populates email field &lt;email&gt; and  password field &lt;password&gt; field and presses login button (passed : 5s)</div>]]>
            </line>
            <line>
              <![CDATA[<div "scenario">Scenario Outline: User enters positive and negative crediantials to verify application login funtionality</div>]]>
            </line>
            <line>
              <![CDATA[<div "result">Given  User on avactis food website (passed : 10s)</div>]]>
            </line>
            <line>
              <![CDATA[<div "result">When  User clicks on login link on home page (passed : 2s)</div>]]>
            </line>
            <line>
              <![CDATA[<div "result">Then  User lands on login page (passed : 0s)</div>]]>
            </line>
            <line>
              <![CDATA[<div "result">And  User populates email field &quot;Seleniumhq1@gmail.com&quot; and  password field &quot;Seleniumhq1@gmail.com&quot; field and presses login button (passed : 3s)</div>]]>
            </line>
          </reporter-output>
        </test-method> <!-- run_cukes -->
      </class> <!-- testRunner.CukesRunnerTest -->
    </test> <!-- Test -->
  </suite> <!-- Suite -->
</testng-results>
