<?xml version="1.0" encoding="UTF-8"?>
<testng-results skipped="0" failed="0" total="1" passed="1">
  <reporter-output>
    <line>
      <![CDATA[<div "featureFile">Feature File: .&#x2F;src&#x2F;test&#x2F;java&#x2F;features&#x2F;HomePage.feature</div>]]>
    </line>
    <line>
      <![CDATA[<div "feature">Feature: Avactis.com login feature</div>]]>
    </line>
    <line>
      <![CDATA[<div "scenarioOutline">Scenario Outline: User enters positive and negative crediantials to verify application login funtionality</div>]]>
    </line>
    <line>
      <![CDATA[<div "scenario">Scenario Outline: User enters positive and negative crediantials to verify application login funtionality</div>]]>
    </line>
    <line>
      <![CDATA[<div "result">Given  User on avactis food website (passed : 12s)</div>]]>
    </line>
    <line>
      <![CDATA[<div "result">When  User clicks on login link on home page (passed : 5s)</div>]]>
    </line>
    <line>
      <![CDATA[<div "result">Then  User lands on login page (passed : 0s)</div>]]>
    </line>
    <line>
      <![CDATA[<div "result">And  User populates email field &lt;email&gt; and  password field &lt;password&gt; and presses login button (passed : 6s)</div>]]>
    </line>
    <line>
      <![CDATA[<div "scenario">Scenario Outline: User enters positive and negative crediantials to verify application login funtionality</div>]]>
    </line>
    <line>
      <![CDATA[<div "result">Given  User on avactis food website (passed : 7s)</div>]]>
    </line>
    <line>
      <![CDATA[<div "result">When  User clicks on login link on home page (passed : 3s)</div>]]>
    </line>
    <line>
      <![CDATA[<div "result">Then  User lands on login page (passed : 0s)</div>]]>
    </line>
    <line>
      <![CDATA[<div "result">And  User populates email field &quot;Seleniumhq1@gmail.com&quot; and  password field &quot;Seleniumhq1@gmail.com&quot; and presses login button (passed : 4s)</div>]]>
    </line>
  </reporter-output>
  <suite name="Suite" duration-ms="54707" started-at="2017-05-22T02:22:09Z" finished-at="2017-05-22T02:23:04Z">
    <groups>
      <group name="cucumber">
        <method signature="AbstractTestNGCucumberTests.run_cukes()[pri:0, instance:testRunner.CukesRunnerTest@52a86356]" name="run_cukes" class="cucumber.api.testng.AbstractTestNGCucumberTests"/>
      </group> <!-- cucumber -->
    </groups>
    <test name="Test" duration-ms="54707" started-at="2017-05-22T02:22:09Z" finished-at="2017-05-22T02:23:04Z">
      <class name="testRunner.CukesRunnerTest">
        <test-method status="PASS" signature="run_cukes()[pri:0, instance:testRunner.CukesRunnerTest@52a86356]" name="run_cukes" duration-ms="54669" started-at="2017-05-21T22:22:09Z" description="Runs Cucumber Features" finished-at="2017-05-21T22:23:04Z">
          <reporter-output>
            <line>
              <![CDATA[<div "featureFile">Feature File: .&#x2F;src&#x2F;test&#x2F;java&#x2F;features&#x2F;HomePage.feature</div>]]>
            </line>
            <line>
              <![CDATA[<div "feature">Feature: Avactis.com login feature</div>]]>
            </line>
            <line>
              <![CDATA[<div "scenarioOutline">Scenario Outline: User enters positive and negative crediantials to verify application login funtionality</div>]]>
            </line>
            <line>
              <![CDATA[<div "scenario">Scenario Outline: User enters positive and negative crediantials to verify application login funtionality</div>]]>
            </line>
            <line>
              <![CDATA[<div "result">Given  User on avactis food website (passed : 12s)</div>]]>
            </line>
            <line>
              <![CDATA[<div "result">When  User clicks on login link on home page (passed : 5s)</div>]]>
            </line>
            <line>
              <![CDATA[<div "result">Then  User lands on login page (passed : 0s)</div>]]>
            </line>
            <line>
              <![CDATA[<div "result">And  User populates email field &lt;email&gt; and  password field &lt;password&gt; and presses login button (passed : 6s)</div>]]>
            </line>
            <line>
              <![CDATA[<div "scenario">Scenario Outline: User enters positive and negative crediantials to verify application login funtionality</div>]]>
            </line>
            <line>
              <![CDATA[<div "result">Given  User on avactis food website (passed : 7s)</div>]]>
            </line>
            <line>
              <![CDATA[<div "result">When  User clicks on login link on home page (passed : 3s)</div>]]>
            </line>
            <line>
              <![CDATA[<div "result">Then  User lands on login page (passed : 0s)</div>]]>
            </line>
            <line>
              <![CDATA[<div "result">And  User populates email field &quot;Seleniumhq1@gmail.com&quot; and  password field &quot;Seleniumhq1@gmail.com&quot; and presses login button (passed : 4s)</div>]]>
            </line>
          </reporter-output>
        </test-method> <!-- run_cukes -->
      </class> <!-- testRunner.CukesRunnerTest -->
    </test> <!-- Test -->
  </suite> <!-- Suite -->
</testng-results>
